<?xml version="1.0" encoding="UTF-8"?>
<!-- Generated by org.testng.reporters.JUnitXMLReporter -->
<testsuite ignored="5" hostname="TYSS-Chaithra" failures="2" tests="3" name="Test" time="52.3" errors="0" timestamp="2023-01-11T10:23:24 IST">
  <testcase classname="vTiger.Organizations.TestScripts.CreateNewOrganizationWithIndustryPOMTest" name="createNewOrgWithInsutryTest" time="10.174">
    <failure type="java.lang.AssertionError" message="null">
      <![CDATA[java.lang.AssertionError: null
at vTiger.Organizations.TestScripts.CreateNewOrganizationWithIndustryPOMTest.createNewOrgWithInsutryTest(CreateNewOrganizationWithIndustryPOMTest.java:54)
at java.base/java.util.ArrayList.forEach(ArrayList.java:1541)
... Removed 29 stack frames]]>
    </failure>
  </testcase> <!-- createNewOrgWithInsutryTest -->
  <testcase classname="vTiger.Contacts.TestScripts.CreateContactWithOrganizationTest" name="createContactWithOrgTest" time="12.827">
    <failure type="java.lang.AssertionError" message="null">
      <![CDATA[java.lang.AssertionError: null
at vTiger.Contacts.TestScripts.CreateContactWithOrganizationTest.createContactWithOrgTest(CreateContactWithOrganizationTest.java:71)
at java.base/java.util.ArrayList.forEach(ArrayList.java:1541)
... Removed 29 stack frames]]>
    </failure>
  </testcase> <!-- createContactWithOrgTest -->
  <testcase classname="vTiger.Contacts.TestScripts.CreateContactWithOrganizationTest" name="demoTest1" time="1.006"/>
  <testcase classname="vTiger.GenericUtilities.BaseClass" name="@AfterSuite asConfig" time="0.0">
    <ignored/>
  </testcase> <!-- @AfterSuite asConfig -->
  <testcase classname="vTiger.GenericUtilities.BaseClass" name="@BeforeSuite bsConfig" time="0.0">
    <ignored/>
  </testcase> <!-- @BeforeSuite bsConfig -->
  <testcase classname="vTiger.Contacts.TestScripts.CreateContactWithOrganizationTest" name="demoTest2" time="0.0">
    <ignored/>
  </testcase> <!-- demoTest2 -->
  <testcase classname="vTiger.Contacts.TestScripts.CreateContactWithOrganizationTest" name="demoTest3" time="0.0">
    <ignored/>
  </testcase> <!-- demoTest3 -->
  <testcase classname="vTiger.Contacts.TestScripts.CreateContactWithOrganizationTest" name="demoTest4" time="0.0">
    <ignored/>
  </testcase> <!-- demoTest4 -->
</testsuite> <!-- Test -->
